empty key at html/Jeans.html
empty key at html/Duffy.html
empty key at html/Four%20Corners.html
empty key at html/Mu%E1%B8%A5ammad.html
empty key at html/Galba.html
empty key at html/Sudan.html
empty key at html/Ambon.html
empty key at html/Einstein.html
empty key at html/Nervi.html
empty key at html/Keller.html
empty key at html/Fama.html
empty key at html/Wassermann.html
empty key at html/Menton.html
empty key at html/Jura.html
empty key at html/R%C3%B6ntgen.html
empty key at html/Colombo.html
empty key at html/Jeans.html
empty key at html/Duffy.html
empty key at html/Four%20Corners.html
empty key at html/Mu%E1%B8%A5ammad.html
empty key at html/Galba.html
empty key at html/Sudan.html
empty key at html/Ambon.html
empty key at html/Einstein.html
empty key at html/Nervi.html
empty key at html/Keller.html
empty key at html/Fama.html
empty key at html/Wassermann.html
empty key at html/Menton.html
empty key at html/Jura.html
empty key at html/R%C3%B6ntgen.html
empty key at html/Colombo.html
empty key at html/Jeans.html
empty key at html/Duffy.html
empty key at html/Four%20Corners.html
empty key at html/Mu%E1%B8%A5ammad.html
empty key at html/Galba.html
empty key at html/Sudan.html
empty key at html/Ambon.html
empty key at html/Einstein.html
empty key at html/Nervi.html
empty key at html/Keller.html
empty key at html/Fama.html
empty key at html/Wassermann.html
empty key at html/Menton.html
empty key at html/Jura.html
empty key at html/R%C3%B6ntgen.html
empty key at html/Colombo.html
